<?xml version="1.0" encoding="UTF-8"?>
<!-- Generated by org.testng.reporters.JUnitReportReporter -->
<testsuite hostname="LAPTOP-J3CSQCIA" failures="0" tests="1" name="com.w2a.testcases.LoginTest" time="19.095" errors="0" timestamp="23 Feb 2022 08:30:49 GMT" skipped="0">
  <testcase classname="com.w2a.testcases.LoginTest" name="loginTest" time="19.095"/>
</testsuite> <!-- com.w2a.testcases.LoginTest -->
